# JRE version: Java(TM) SE Runtime Environment (8.0_171-b11) (build 1.8.0_171-b11)
# Java VM: Java HotSpot(TM) 64-Bit Server VM (25.171-b11 mixed mode windows-amd64 compressed oops)
Heap:
 PSYoungGen      total 428032K, used 364743K [0x00000000e0000000, 0x0000000100000000, 0x0000000100000000)
  eden space 355840K, 86% used [0x00000000e0000000,0x00000000f2c8d450,0x00000000f5b80000)
  from space 72192K, 78% used [0x00000000f5b80000,0x00000000f9324a08,0x00000000fa200000)
  to   space 76288K, 0% used [0x00000000fb580000,0x00000000fb580000,0x0000000100000000)
 ParOldGen       total 270848K, used 124010K [0x00000000a0000000, 0x00000000b0880000, 0x00000000e0000000)
  object space 270848K, 45% used [0x00000000a0000000,0x00000000a791ab18,0x00000000b0880000)
 Metaspace       used 203241K, capacity 220544K, committed 220736K, reserved 1239040K
  class space    used 26697K, capacity 30276K, committed 30336K, reserved 1048576K
GC Heap History (10 events):
Event: 7864.115 GC heap before
{Heap before GC invocations=62 (full 5):
 PSYoungGen      total 375808K, used 349858K [0x00000000e0000000, 0x00000000fa080000, 0x0000000100000000)
  eden space 323584K, 100% used [0x00000000e0000000,0x00000000f3c00000,0x00000000f3c00000)
  from space 52224K, 50% used [0x00000000f6d80000,0x00000000f8728860,0x00000000fa080000)
  to   space 50688K, 0% used [0x00000000f3c00000,0x00000000f3c00000,0x00000000f6d80000)
 ParOldGen       total 270848K, used 102888K [0x00000000a0000000, 0x00000000b0880000, 0x00000000e0000000)
  object space 270848K, 37% used [0x00000000a0000000,0x00000000a647a168,0x00000000b0880000)
 Metaspace       used 153347K, capacity 166026K, committed 168512K, reserved 1193984K
  class space    used 19923K, capacity 22640K, committed 23168K, reserved 1048576K
Event: 7864.138 GC heap after
Heap after GC invocations=62 (full 5):
 PSYoungGen      total 374272K, used 40619K [0x00000000e0000000, 0x00000000fbe00000, 0x0000000100000000)
  eden space 323584K, 0% used [0x00000000e0000000,0x00000000e0000000,0x00000000f3c00000)
  from space 50688K, 80% used [0x00000000f3c00000,0x00000000f63aaf60,0x00000000f6d80000)
  to   space 53760K, 0% used [0x00000000f8980000,0x00000000f8980000,0x00000000fbe00000)
 ParOldGen       total 270848K, used 102888K [0x00000000a0000000, 0x00000000b0880000, 0x00000000e0000000)
  object space 270848K, 37% used [0x00000000a0000000,0x00000000a647a168,0x00000000b0880000)
 Metaspace       used 153347K, capacity 166026K, committed 168512K, reserved 1193984K
  class space    used 19923K, capacity 22640K, committed 23168K, reserved 1048576K
}
Event: 8015.204 GC heap before
{Heap before GC invocations=63 (full 5):
 PSYoungGen      total 374272K, used 364203K [0x00000000e0000000, 0x00000000fbe00000, 0x0000000100000000)
  eden space 323584K, 100% used [0x00000000e0000000,0x00000000f3c00000,0x00000000f3c00000)
  from space 50688K, 80% used [0x00000000f3c00000,0x00000000f63aaf60,0x00000000f6d80000)
  to   space 53760K, 0% used [0x00000000f8980000,0x00000000f8980000,0x00000000fbe00000)
 ParOldGen       total 270848K, used 102888K [0x00000000a0000000, 0x00000000b0880000, 0x00000000e0000000)
  object space 270848K, 37% used [0x00000000a0000000,0x00000000a647a168,0x00000000b0880000)
 Metaspace       used 162156K, capacity 175000K, committed 177088K, reserved 1202176K
  class space    used 21114K, capacity 23898K, committed 24320K, reserved 1048576K
Event: 8015.225 GC heap after
Heap after GC invocations=63 (full 5):
 PSYoungGen      total 395776K, used 36992K [0x00000000e0000000, 0x00000000fbb00000, 0x0000000100000000)
  eden space 345088K, 0% used [0x00000000e0000000,0x00000000e0000000,0x00000000f5100000)
  from space 50688K, 72% used [0x00000000f8980000,0x00000000fada00b0,0x00000000fbb00000)
  to   space 54272K, 0% used [0x00000000f5100000,0x00000000f5100000,0x00000000f8600000)
 ParOldGen       total 270848K, used 102896K [0x00000000a0000000, 0x00000000b0880000, 0x00000000e0000000)
  object space 270848K, 37% used [0x00000000a0000000,0x00000000a647c168,0x00000000b0880000)
 Metaspace       used 162156K, capacity 175000K, committed 177088K, reserved 1202176K
  class space    used 21114K, capacity 23898K, committed 24320K, reserved 1048576K
}
Event: 8023.157 GC heap before
{Heap before GC invocations=64 (full 5):
 PSYoungGen      total 395776K, used 382080K [0x00000000e0000000, 0x00000000fbb00000, 0x0000000100000000)
  eden space 345088K, 100% used [0x00000000e0000000,0x00000000f5100000,0x00000000f5100000)
  from space 50688K, 72% used [0x00000000f8980000,0x00000000fada00b0,0x00000000fbb00000)
  to   space 54272K, 0% used [0x00000000f5100000,0x00000000f5100000,0x00000000f8600000)
 ParOldGen       total 270848K, used 102896K [0x00000000a0000000, 0x00000000b0880000, 0x00000000e0000000)
  object space 270848K, 37% used [0x00000000a0000000,0x00000000a647c168,0x00000000b0880000)
 Metaspace       used 174422K, capacity 188546K, committed 188992K, reserved 1212416K
  class space    used 22769K, capacity 25816K, committed 25984K, reserved 1048576K
Event: 8023.190 GC heap after
Heap after GC invocations=64 (full 5):
 PSYoungGen      total 399360K, used 54054K [0x00000000e0000000, 0x00000000fdd80000, 0x0000000100000000)
  eden space 345088K, 0% used [0x00000000e0000000,0x00000000e0000000,0x00000000f5100000)
  from space 54272K, 99% used [0x00000000f5100000,0x00000000f85c9b58,0x00000000f8600000)
  to   space 60928K, 0% used [0x00000000fa200000,0x00000000fa200000,0x00000000fdd80000)
 ParOldGen       total 270848K, used 102904K [0x00000000a0000000, 0x00000000b0880000, 0x00000000e0000000)
  object space 270848K, 37% used [0x00000000a0000000,0x00000000a647e168,0x00000000b0880000)
 Metaspace       used 174422K, capacity 188546K, committed 188992K, reserved 1212416K
  class space    used 22769K, capacity 25816K, committed 25984K, reserved 1048576K
}
Event: 9352.182 GC heap before
{Heap before GC invocations=65 (full 5):
 PSYoungGen      total 399360K, used 399142K [0x00000000e0000000, 0x00000000fdd80000, 0x0000000100000000)
  eden space 345088K, 100% used [0x00000000e0000000,0x00000000f5100000,0x00000000f5100000)
  from space 54272K, 99% used [0x00000000f5100000,0x00000000f85c9b58,0x00000000f8600000)
  to   space 60928K, 0% used [0x00000000fa200000,0x00000000fa200000,0x00000000fdd80000)
 ParOldGen       total 270848K, used 102904K [0x00000000a0000000, 0x00000000b0880000, 0x00000000e0000000)
  object space 270848K, 37% used [0x00000000a0000000,0x00000000a647e168,0x00000000b0880000)
 Metaspace       used 190052K, capacity 205306K, committed 205504K, reserved 1226752K
  class space    used 24842K, capacity 28095K, committed 28160K, reserved 1048576K
Event: 9352.410 GC heap after
Heap after GC invocations=65 (full 5):
 PSYoungGen      total 416768K, used 60906K [0x00000000e0000000, 0x00000000fef80000, 0x0000000100000000)
  eden space 355840K, 0% used [0x00000000e0000000,0x00000000e0000000,0x00000000f5b80000)
  from space 60928K, 99% used [0x00000000fa200000,0x00000000fdd7ab38,0x00000000fdd80000)
  to   space 72192K, 0% used [0x00000000f5b80000,0x00000000f5b80000,0x00000000fa200000)
 ParOldGen       total 270848K, used 111408K [0x00000000a0000000, 0x00000000b0880000, 0x00000000e0000000)
  object space 270848K, 41% used [0x00000000a0000000,0x00000000a6ccc310,0x00000000b0880000)
 Metaspace       used 190052K, capacity 205306K, committed 205504K, reserved 1226752K
  class space    used 24842K, capacity 28095K, committed 28160K, reserved 1048576K
}
Event: 9372.529 GC heap before
{Heap before GC invocations=66 (full 5):
 PSYoungGen      total 416768K, used 416698K [0x00000000e0000000, 0x00000000fef80000, 0x0000000100000000)
  eden space 355840K, 99% used [0x00000000e0000000,0x00000000f5b73fc0,0x00000000f5b80000)
  from space 60928K, 99% used [0x00000000fa200000,0x00000000fdd7ab38,0x00000000fdd80000)
  to   space 72192K, 0% used [0x00000000f5b80000,0x00000000f5b80000,0x00000000fa200000)
 ParOldGen       total 270848K, used 111408K [0x00000000a0000000, 0x00000000b0880000, 0x00000000e0000000)
  object space 270848K, 41% used [0x00000000a0000000,0x00000000a6ccc310,0x00000000b0880000)
 Metaspace       used 194415K, capacity 210150K, committed 210368K, reserved 1230848K
  class space    used 25462K, capacity 28825K, committed 28928K, reserved 1048576K
Event: 9372.597 GC heap after
Heap after GC invocations=66 (full 5):
 PSYoungGen      total 428032K, used 56978K [0x00000000e0000000, 0x0000000100000000, 0x0000000100000000)
  eden space 355840K, 0% used [0x00000000e0000000,0x00000000e0000000,0x00000000f5b80000)
  from space 72192K, 78% used [0x00000000f5b80000,0x00000000f9324a08,0x00000000fa200000)
  to   space 76288K, 0% used [0x00000000fb580000,0x00000000fb580000,0x0000000100000000)
 ParOldGen       total 270848K, used 124010K [0x00000000a0000000, 0x00000000b0880000, 0x00000000e0000000)
  object space 270848K, 45% used [0x00000000a0000000,0x00000000a791ab18,0x00000000b0880000)
 Metaspace       used 194415K, capacity 210150K, committed 210368K, reserved 1230848K
  class space    used 25462K, capacity 28825K, committed 28928K, reserved 1048576K
}

